  framework.cpp
d:\3dprograms\grafikahazi\programs\raytrace3sphere\skeleton\framework.h(167): warning C4996: 'fopen': This function or variable may be unsafe. Consider using fopen_s instead. To disable deprecation, use _CRT_SECURE_NO_WARNINGS. See online help for details.
          C:\Program Files (x86)\Microsoft Visual Studio 12.0\VC\include\stdio.h(211) : see declaration of 'fopen'
  raytrace.cpp
d:\3dprograms\grafikahazi\programs\raytrace3sphere\skeleton\framework.h(167): warning C4996: 'fopen': This function or variable may be unsafe. Consider using fopen_s instead. To disable deprecation, use _CRT_SECURE_NO_WARNINGS. See online help for details.
          C:\Program Files (x86)\Microsoft Visual Studio 12.0\VC\include\stdio.h(211) : see declaration of 'fopen'
raytrace.cpp(19): warning C4305: 'argument' : truncation from 'double' to 'float'
raytrace.cpp(135): warning C4305: 'initializing' : truncation from 'double' to 'float'
raytrace.cpp(144): warning C4305: 'argument' : truncation from 'double' to 'float'
raytrace.cpp(145): warning C4305: 'argument' : truncation from 'double' to 'float'
raytrace.cpp(146): warning C4305: 'argument' : truncation from 'double' to 'float'
raytrace.cpp(147): warning C4305: 'argument' : truncation from 'double' to 'float'
raytrace.cpp(148): warning C4305: 'argument' : truncation from 'double' to 'float'
raytrace.cpp(149): warning C4305: 'argument' : truncation from 'double' to 'float'
raytrace.cpp(150): warning C4305: 'argument' : truncation from 'double' to 'float'
raytrace.cpp(151): warning C4305: 'argument' : truncation from 'double' to 'float'
raytrace.cpp(153): warning C4305: 'argument' : truncation from 'double' to 'float'
  Generating code
  Finished generating code
  Skeleton.vcxproj -> D:\3DPrograms\GrafikaHazi\Programs\Raytrace3Sphere\bin\Skeleton.exe
